<?xml version="1.0" encoding="UTF-8"?>
<!-- Generated by org.testng.reporters.JUnitXMLReporter -->
<testsuite ignored="3" hostname="TML-CT-SATISH" failures="0" tests="0" time="0.015" errors="0" timestamp="08 May 2021 12:59:23 GMT">
  <testcase classname="TestNG_Framework.CarLoan" name="carLoanWebLogin" time="0.0">
    <ignored/>
  </testcase> <!-- carLoanWebLogin -->
  <testcase classname="TestNG_Framework.CarLoan" name="carLoanMobileLogin" time="0.0">
    <ignored/>
  </testcase> <!-- carLoanMobileLogin -->
  <testcase classname="TestNG_Framework.CarLoan" name="carLoanAPILogin" time="0.0">
    <ignored/>
  </testcase> <!-- carLoanAPILogin -->
</testsuite>
