<?xml version="1.0" encoding="UTF-8"?>
<!-- Generated by org.testng.reporters.JUnitXMLReporter -->
<testsuite ignored="0" hostname="TML-CT-SATISH" failures="0" tests="3" name="Home Loan" time="0.029" errors="0" timestamp="08 May 2021 12:59:23 GMT">
  <testcase classname="TestNG_Framework.HomeLoan" name="homeLoanAPILogin" time="0.002"/>
  <testcase classname="TestNG_Framework.HomeLoan" name="homeLoanMobileLogin" time="0.002"/>
  <testcase classname="TestNG_Framework.HomeLoan" name="homeLoanWebLogin" time="0.002"/>
</testsuite> <!-- Home Loan -->
