<?xml version="1.0" encoding="UTF-8"?>
<!-- Generated by org.testng.reporters.JUnitXMLReporter -->
<testsuite ignored="1" hostname="TML-CT-SATISH" failures="3" tests="4" name="Personal Loan" time="0.092" errors="0" timestamp="08 May 2021 12:59:23 GMT">
  <testcase classname="TestNG_Framework.PersonalLoan" name="personalLoanMobileLogin" time="0.008"/>
  <testcase classname="TestNG_Framework.PersonalLoan" name="personalLoanWebLogin" time="0.005">
    <failure type="java.lang.AssertionError" message="expected [true] but found [false]">
      <![CDATA[java.lang.AssertionError: expected [true] but found [false]
at TestNG_Framework.PersonalLoan.personalLoanWebLogin(PersonalLoan.java:17)
at java.base/java.util.concurrent.ThreadPoolExecutor.runWorker(ThreadPoolExecutor.java:1128)
at java.base/java.util.concurrent.ThreadPoolExecutor$Worker.run(ThreadPoolExecutor.java:628)
at java.base/java.lang.Thread.run(Thread.java:830)
... Removed 14 stack frames]]>
    </failure>
  </testcase> <!-- personalLoanWebLogin -->
  <testcase classname="TestNG_Framework.PersonalLoan" name="personalLoanWebLogin" time="0.003">
    <failure type="java.lang.AssertionError" message="expected [true] but found [false]">
      <![CDATA[java.lang.AssertionError: expected [true] but found [false]
at TestNG_Framework.PersonalLoan.personalLoanWebLogin(PersonalLoan.java:17)
at java.base/java.util.concurrent.ThreadPoolExecutor.runWorker(ThreadPoolExecutor.java:1128)
at java.base/java.util.concurrent.ThreadPoolExecutor$Worker.run(ThreadPoolExecutor.java:628)
at java.base/java.lang.Thread.run(Thread.java:830)
... Removed 14 stack frames]]>
    </failure>
  </testcase> <!-- personalLoanWebLogin -->
  <testcase classname="TestNG_Framework.PersonalLoan" name="personalLoanWebLogin" time="0.002">
    <failure type="java.lang.AssertionError" message="expected [true] but found [false]">
      <![CDATA[java.lang.AssertionError: expected [true] but found [false]
at TestNG_Framework.PersonalLoan.personalLoanWebLogin(PersonalLoan.java:17)
at java.base/java.util.concurrent.ThreadPoolExecutor.runWorker(ThreadPoolExecutor.java:1128)
at java.base/java.util.concurrent.ThreadPoolExecutor$Worker.run(ThreadPoolExecutor.java:628)
at java.base/java.lang.Thread.run(Thread.java:830)
... Removed 14 stack frames]]>
    </failure>
  </testcase> <!-- personalLoanWebLogin -->
  <testcase classname="TestNG_Framework.PersonalLoan" name="personalLoanAPILogin" time="0.0">
    <ignored/>
  </testcase> <!-- personalLoanAPILogin -->
</testsuite> <!-- Personal Loan -->
