<?xml version="1.0" encoding="UTF-8"?>
<!-- Generated by org.testng.reporters.JUnitXMLReporter -->
<testsuite ignored="0" hostname="TML-CT-SATISH" failures="0" tests="9" name="Test" time="0.12" errors="0" timestamp="06 May 2021 16:01:10 GMT">
  <testcase classname="TestNG_Framework.CarLoan" name="carLoanAPILogin" time="0.018"/>
  <testcase classname="TestNG_Framework.CarLoan" name="carLoanMobileLogin" time="0.004"/>
  <testcase classname="TestNG_Framework.CarLoan" name="carLoanWebLogin" time="0.004"/>
  <testcase classname="TestNG_Framework.HomeLoan" name="homeLoanAPILogin" time="0.004"/>
  <testcase classname="TestNG_Framework.HomeLoan" name="homeLoanMobileLogin" time="0.003"/>
  <testcase classname="TestNG_Framework.HomeLoan" name="homeLoanWebLogin" time="0.002"/>
  <testcase classname="TestNG_Framework.PersonalLoan" name="personalLoanAPILogin" time="0.002"/>
  <testcase classname="TestNG_Framework.PersonalLoan" name="personalLoanMobileLogin" time="0.002"/>
  <testcase classname="TestNG_Framework.PersonalLoan" name="personalLoanWebLogin" time="0.005"/>
</testsuite> <!-- Test -->
