<?xml version="1.0" encoding="UTF-8"?>
<!-- Generated by org.testng.reporters.JUnitXMLReporter -->
<testsuite ignored="5" hostname="TML-CT-SATISH" failures="0" tests="4" name="Regression Test" time="0.076" errors="0" timestamp="07 May 2021 14:18:57 GMT">
  <testcase classname="TestNG_Framework.PersonalLoan" name="personalLoanAPILogin" time="0.016"/>
  <testcase classname="TestNG_Framework.PersonalLoan" name="personalLoanWebLogin" time="0.002"/>
  <testcase classname="TestNG_Framework.HomeLoan" name="homeLoanAPILogin" time="0.005"/>
  <testcase classname="TestNG_Framework.HomeLoan" name="homeLoanWebLogin" time="0.005"/>
  <testcase classname="TestNG_Framework.PersonalLoan" name="personalLoanMobileLogin" time="0.0">
    <ignored/>
  </testcase> <!-- personalLoanMobileLogin -->
  <testcase classname="TestNG_Framework.HomeLoan" name="homeLoanMobileLogin" time="0.0">
    <ignored/>
  </testcase> <!-- homeLoanMobileLogin -->
  <testcase classname="TestNG_Framework.CarLoan" name="carLoanWebLogin" time="0.0">
    <ignored/>
  </testcase> <!-- carLoanWebLogin -->
  <testcase classname="TestNG_Framework.CarLoan" name="carLoanMobileLogin" time="0.0">
    <ignored/>
  </testcase> <!-- carLoanMobileLogin -->
  <testcase classname="TestNG_Framework.CarLoan" name="carLoanAPILogin" time="0.0">
    <ignored/>
  </testcase> <!-- carLoanAPILogin -->
</testsuite> <!-- Regression Test -->
